<?xml version="1.0" encoding="UTF-8"?>
<!-- Generated by org.testng.reporters.JUnitXMLReporter -->
<testsuite hostname="LAPTOP-EPMHA2ST" ignored="5" name="Command line test" tests="6" failures="5" timestamp="2023-01-19T17:02:52 IST" time="14.938" errors="0">
  <testcase name="searchFlights" time="4.529" classname="Bus.Bus_Oneway005Test"/>
  <testcase name="oneWayFromTextField" time="0.001" classname="Bus.Bus_Oneway_001Test">
    <failure type="java.lang.NullPointerException">
      <![CDATA[java.lang.NullPointerException
at Bus.Bus_Oneway_001Test.oneWayFromTextField(Bus_Oneway_001Test.java:25)
at java.util.ArrayList.forEach(ArrayList.java:1257)
... Removed 37 stack frames]]>
    </failure>
  </testcase> <!-- oneWayFromTextField -->
  <testcase name="negativeFromTextField" time="0.004" classname="Bus.Bus_Oneway_002Test">
    <failure type="java.lang.NullPointerException">
      <![CDATA[java.lang.NullPointerException
at org.openqa.selenium.support.pagefactory.DefaultElementLocator.findElement(DefaultElementLocator.java:69)
at org.openqa.selenium.support.pagefactory.internal.LocatingElementHandler.invoke(LocatingElementHandler.java:38)
at com.sun.proxy.$Proxy9.clear(Unknown Source)
at Bus.Bus_Oneway_002Test.negativeFromTextField(Bus_Oneway_002Test.java:20)
at java.util.ArrayList.forEach(ArrayList.java:1257)
... Removed 37 stack frames]]>
    </failure>
  </testcase> <!-- negativeFromTextField -->
  <testcase name="oneWayFromTextField" time="0.0" classname="Bus.Bus_Oneway_003Test">
    <failure type="java.lang.NullPointerException">
      <![CDATA[java.lang.NullPointerException
at Bus.Bus_Oneway_003Test.oneWayFromTextField(Bus_Oneway_003Test.java:19)
at java.util.ArrayList.forEach(ArrayList.java:1257)
... Removed 37 stack frames]]>
    </failure>
  </testcase> <!-- oneWayFromTextField -->
  <testcase name="negativeToTextField" time="0.0" classname="Bus.Bus_Oneway_004Test">
    <failure type="java.lang.NullPointerException">
      <![CDATA[java.lang.NullPointerException
at Bus.Bus_Oneway_004Test.negativeToTextField(Bus_Oneway_004Test.java:14)
at java.util.ArrayList.forEach(ArrayList.java:1257)
... Removed 37 stack frames]]>
    </failure>
  </testcase> <!-- negativeToTextField -->
  <testcase name="searchButton" time="0.002" classname="Bus.ClickOnSearchButtonTest">
    <failure type="java.lang.NullPointerException">
      <![CDATA[java.lang.NullPointerException
at org.openqa.selenium.support.pagefactory.DefaultElementLocator.findElement(DefaultElementLocator.java:69)
at org.openqa.selenium.support.pagefactory.internal.LocatingElementHandler.invoke(LocatingElementHandler.java:38)
at com.sun.proxy.$Proxy9.click(Unknown Source)
at Bus.ClickOnSearchButtonTest.searchButton(ClickOnSearchButtonTest.java:11)
at java.util.ArrayList.forEach(ArrayList.java:1257)
... Removed 37 stack frames]]>
    </failure>
  </testcase> <!-- searchButton -->
  <testcase name="@BeforeTest browserSetUp" time="0.0" classname="Generic_Library.BaseClass">
    <ignored/>
  </testcase> <!-- @BeforeTest browserSetUp -->
  <testcase name="@BeforeTest browserSetUp" time="0.0" classname="Generic_Library.BaseClass">
    <ignored/>
  </testcase> <!-- @BeforeTest browserSetUp -->
  <testcase name="@BeforeTest browserSetUp" time="0.0" classname="Generic_Library.BaseClass">
    <ignored/>
  </testcase> <!-- @BeforeTest browserSetUp -->
  <testcase name="@BeforeTest browserSetUp" time="0.0" classname="Generic_Library.BaseClass">
    <ignored/>
  </testcase> <!-- @BeforeTest browserSetUp -->
  <testcase name="@BeforeTest browserSetUp" time="0.0" classname="Generic_Library.BaseClass">
    <ignored/>
  </testcase> <!-- @BeforeTest browserSetUp -->
</testsuite> <!-- Command line test -->
